2018-11-11 16:54:23,698 - CPUUtilization.Percent:100.0|#Level:Host|#hostname:dhcp-nyc-658.redrover.cornell.edu
2018-11-11 16:54:23,698 - DiskAvailable.Gigabytes:15.36328125|#Level:Host|#hostname:dhcp-nyc-658.redrover.cornell.edu
2018-11-11 16:54:23,699 - DiskUsage.Gigabytes:94.70658111572266|#Level:Host|#hostname:dhcp-nyc-658.redrover.cornell.edu
2018-11-11 16:54:23,699 - DiskUtilization.Percent:86.0|#Level:Host|#hostname:dhcp-nyc-658.redrover.cornell.edu
2018-11-11 16:54:23,699 - MemoryAvailable.Megabytes:6368.45703125|#Level:Host|#hostname:dhcp-nyc-658.redrover.cornell.edu
2018-11-11 16:54:23,699 - MemoryUsed.Megabytes:8629.93359375|#Level:Host|#hostname:dhcp-nyc-658.redrover.cornell.edu
2018-11-11 16:54:23,699 - MemoryUtilization.Percent:61.1|#Level:Host|#hostname:dhcp-nyc-658.redrover.cornell.edu
2018-11-11 16:55:23,700 - CPUUtilization.Percent:0.0|#Level:Host|#hostname:dhcp-nyc-658.redrover.cornell.edu
2018-11-11 16:55:23,700 - DiskAvailable.Gigabytes:15.361202239990234|#Level:Host|#hostname:dhcp-nyc-658.redrover.cornell.edu
2018-11-11 16:55:23,701 - DiskUsage.Gigabytes:94.70866012573242|#Level:Host|#hostname:dhcp-nyc-658.redrover.cornell.edu
2018-11-11 16:55:23,701 - DiskUtilization.Percent:86.0|#Level:Host|#hostname:dhcp-nyc-658.redrover.cornell.edu
2018-11-11 16:55:23,701 - MemoryAvailable.Megabytes:6336.90625|#Level:Host|#hostname:dhcp-nyc-658.redrover.cornell.edu
2018-11-11 16:55:23,701 - MemoryUsed.Megabytes:8663.48828125|#Level:Host|#hostname:dhcp-nyc-658.redrover.cornell.edu
2018-11-11 16:55:23,701 - MemoryUtilization.Percent:61.3|#Level:Host|#hostname:dhcp-nyc-658.redrover.cornell.edu
2018-11-11 16:56:23,696 - CPUUtilization.Percent:0.0|#Level:Host|#hostname:dhcp-nyc-658.redrover.cornell.edu
2018-11-11 16:56:23,696 - DiskAvailable.Gigabytes:15.361709594726562|#Level:Host|#hostname:dhcp-nyc-658.redrover.cornell.edu
2018-11-11 16:56:23,697 - DiskUsage.Gigabytes:94.7081527709961|#Level:Host|#hostname:dhcp-nyc-658.redrover.cornell.edu
2018-11-11 16:56:23,697 - DiskUtilization.Percent:86.0|#Level:Host|#hostname:dhcp-nyc-658.redrover.cornell.edu
2018-11-11 16:56:23,697 - MemoryAvailable.Megabytes:6170.828125|#Level:Host|#hostname:dhcp-nyc-658.redrover.cornell.edu
2018-11-11 16:56:23,697 - MemoryUsed.Megabytes:8829.4609375|#Level:Host|#hostname:dhcp-nyc-658.redrover.cornell.edu
2018-11-11 16:56:23,697 - MemoryUtilization.Percent:62.3|#Level:Host|#hostname:dhcp-nyc-658.redrover.cornell.edu
2018-11-11 16:57:23,701 - CPUUtilization.Percent:0.0|#Level:Host|#hostname:dhcp-nyc-658.redrover.cornell.edu
2018-11-11 16:57:23,701 - DiskAvailable.Gigabytes:15.361492156982422|#Level:Host|#hostname:dhcp-nyc-658.redrover.cornell.edu
2018-11-11 16:57:23,701 - DiskUsage.Gigabytes:94.70837020874023|#Level:Host|#hostname:dhcp-nyc-658.redrover.cornell.edu
2018-11-11 16:57:23,701 - DiskUtilization.Percent:86.0|#Level:Host|#hostname:dhcp-nyc-658.redrover.cornell.edu
2018-11-11 16:57:23,702 - MemoryAvailable.Megabytes:6166.06640625|#Level:Host|#hostname:dhcp-nyc-658.redrover.cornell.edu
2018-11-11 16:57:23,702 - MemoryUsed.Megabytes:8834.9765625|#Level:Host|#hostname:dhcp-nyc-658.redrover.cornell.edu
2018-11-11 16:57:23,702 - MemoryUtilization.Percent:62.4|#Level:Host|#hostname:dhcp-nyc-658.redrover.cornell.edu
2018-11-11 16:58:23,703 - CPUUtilization.Percent:0.0|#Level:Host|#hostname:dhcp-nyc-658.redrover.cornell.edu
2018-11-11 16:58:23,704 - DiskAvailable.Gigabytes:15.361194610595703|#Level:Host|#hostname:dhcp-nyc-658.redrover.cornell.edu
2018-11-11 16:58:23,704 - DiskUsage.Gigabytes:94.70866775512695|#Level:Host|#hostname:dhcp-nyc-658.redrover.cornell.edu
2018-11-11 16:58:23,704 - DiskUtilization.Percent:86.0|#Level:Host|#hostname:dhcp-nyc-658.redrover.cornell.edu
2018-11-11 16:58:23,704 - MemoryAvailable.Megabytes:6158.34765625|#Level:Host|#hostname:dhcp-nyc-658.redrover.cornell.edu
2018-11-11 16:58:23,704 - MemoryUsed.Megabytes:8842.5|#Level:Host|#hostname:dhcp-nyc-658.redrover.cornell.edu
2018-11-11 16:58:23,705 - MemoryUtilization.Percent:62.4|#Level:Host|#hostname:dhcp-nyc-658.redrover.cornell.edu
2018-11-11 16:58:33,984 - Requests4XX.Count:1|#Level:Host|#hostname:null
2018-11-11 16:59:23,704 - CPUUtilization.Percent:0.0|#Level:Host|#hostname:dhcp-nyc-658.redrover.cornell.edu
2018-11-11 16:59:23,704 - DiskAvailable.Gigabytes:15.360187530517578|#Level:Host|#hostname:dhcp-nyc-658.redrover.cornell.edu
2018-11-11 16:59:23,704 - DiskUsage.Gigabytes:94.70967483520508|#Level:Host|#hostname:dhcp-nyc-658.redrover.cornell.edu
2018-11-11 16:59:23,705 - DiskUtilization.Percent:86.0|#Level:Host|#hostname:dhcp-nyc-658.redrover.cornell.edu
2018-11-11 16:59:23,705 - MemoryAvailable.Megabytes:6098.13671875|#Level:Host|#hostname:dhcp-nyc-658.redrover.cornell.edu
2018-11-11 16:59:23,705 - MemoryUsed.Megabytes:8905.25|#Level:Host|#hostname:dhcp-nyc-658.redrover.cornell.edu
2018-11-11 16:59:23,705 - MemoryUtilization.Percent:62.8|#Level:Host|#hostname:dhcp-nyc-658.redrover.cornell.edu
2018-11-11 17:00:23,703 - CPUUtilization.Percent:0.0|#Level:Host|#hostname:dhcp-nyc-658.redrover.cornell.edu
2018-11-11 17:00:23,704 - DiskAvailable.Gigabytes:15.358646392822266|#Level:Host|#hostname:dhcp-nyc-658.redrover.cornell.edu
2018-11-11 17:00:23,704 - DiskUsage.Gigabytes:94.71121597290039|#Level:Host|#hostname:dhcp-nyc-658.redrover.cornell.edu
2018-11-11 17:00:23,704 - DiskUtilization.Percent:86.0|#Level:Host|#hostname:dhcp-nyc-658.redrover.cornell.edu
2018-11-11 17:00:23,704 - MemoryAvailable.Megabytes:6106.4609375|#Level:Host|#hostname:dhcp-nyc-658.redrover.cornell.edu
2018-11-11 17:00:23,704 - MemoryUsed.Megabytes:8896.99609375|#Level:Host|#hostname:dhcp-nyc-658.redrover.cornell.edu
2018-11-11 17:00:23,704 - MemoryUtilization.Percent:62.7|#Level:Host|#hostname:dhcp-nyc-658.redrover.cornell.edu
2018-11-11 17:01:23,740 - CPUUtilization.Percent:100.0|#Level:Host|#hostname:dhcp-nyc-658.redrover.cornell.edu
2018-11-11 17:01:23,741 - DiskAvailable.Gigabytes:15.358001708984375|#Level:Host|#hostname:dhcp-nyc-658.redrover.cornell.edu
2018-11-11 17:01:23,741 - DiskUsage.Gigabytes:94.71186065673828|#Level:Host|#hostname:dhcp-nyc-658.redrover.cornell.edu
2018-11-11 17:01:23,741 - DiskUtilization.Percent:86.0|#Level:Host|#hostname:dhcp-nyc-658.redrover.cornell.edu
2018-11-11 17:01:23,742 - MemoryAvailable.Megabytes:6187.12109375|#Level:Host|#hostname:dhcp-nyc-658.redrover.cornell.edu
2018-11-11 17:01:23,742 - MemoryUsed.Megabytes:8821.68359375|#Level:Host|#hostname:dhcp-nyc-658.redrover.cornell.edu
2018-11-11 17:01:23,742 - MemoryUtilization.Percent:62.2|#Level:Host|#hostname:dhcp-nyc-658.redrover.cornell.edu
2018-11-11 17:02:23,707 - CPUUtilization.Percent:0.0|#Level:Host|#hostname:dhcp-nyc-658.redrover.cornell.edu
2018-11-11 17:02:23,707 - DiskAvailable.Gigabytes:15.290740966796875|#Level:Host|#hostname:dhcp-nyc-658.redrover.cornell.edu
2018-11-11 17:02:23,707 - DiskUsage.Gigabytes:94.77912139892578|#Level:Host|#hostname:dhcp-nyc-658.redrover.cornell.edu
2018-11-11 17:02:23,707 - DiskUtilization.Percent:86.1|#Level:Host|#hostname:dhcp-nyc-658.redrover.cornell.edu
2018-11-11 17:02:23,707 - MemoryAvailable.Megabytes:6321.73046875|#Level:Host|#hostname:dhcp-nyc-658.redrover.cornell.edu
2018-11-11 17:02:23,707 - MemoryUsed.Megabytes:8762.01171875|#Level:Host|#hostname:dhcp-nyc-658.redrover.cornell.edu
2018-11-11 17:02:23,707 - MemoryUtilization.Percent:61.4|#Level:Host|#hostname:dhcp-nyc-658.redrover.cornell.edu
2018-11-11 17:03:42,081 - CPUUtilization.Percent:0.0|#Level:Host|#hostname:dhcp-nyc-658.redrover.cornell.edu
2018-11-11 17:03:42,082 - DiskAvailable.Gigabytes:15.287521362304688|#Level:Host|#hostname:dhcp-nyc-658.redrover.cornell.edu
2018-11-11 17:03:42,082 - DiskUsage.Gigabytes:94.78234100341797|#Level:Host|#hostname:dhcp-nyc-658.redrover.cornell.edu
2018-11-11 17:03:42,082 - DiskUtilization.Percent:86.1|#Level:Host|#hostname:dhcp-nyc-658.redrover.cornell.edu
2018-11-11 17:03:42,082 - MemoryAvailable.Megabytes:6318.6640625|#Level:Host|#hostname:dhcp-nyc-658.redrover.cornell.edu
2018-11-11 17:03:42,082 - MemoryUsed.Megabytes:8765.0078125|#Level:Host|#hostname:dhcp-nyc-658.redrover.cornell.edu
2018-11-11 17:03:42,083 - MemoryUtilization.Percent:61.4|#Level:Host|#hostname:dhcp-nyc-658.redrover.cornell.edu
2018-11-11 17:04:42,113 - CPUUtilization.Percent:0.0|#Level:Host|#hostname:dhcp-nyc-658.redrover.cornell.edu
2018-11-11 17:04:42,114 - DiskAvailable.Gigabytes:15.287101745605469|#Level:Host|#hostname:dhcp-nyc-658.redrover.cornell.edu
2018-11-11 17:04:42,114 - DiskUsage.Gigabytes:94.78276062011719|#Level:Host|#hostname:dhcp-nyc-658.redrover.cornell.edu
2018-11-11 17:04:42,114 - DiskUtilization.Percent:86.1|#Level:Host|#hostname:dhcp-nyc-658.redrover.cornell.edu
2018-11-11 17:04:42,115 - MemoryAvailable.Megabytes:6264.68359375|#Level:Host|#hostname:dhcp-nyc-658.redrover.cornell.edu
2018-11-11 17:04:42,115 - MemoryUsed.Megabytes:8817.67578125|#Level:Host|#hostname:dhcp-nyc-658.redrover.cornell.edu
2018-11-11 17:04:42,115 - MemoryUtilization.Percent:61.8|#Level:Host|#hostname:dhcp-nyc-658.redrover.cornell.edu
2018-11-11 17:06:48,093 - CPUUtilization.Percent:0.0|#Level:Host|#hostname:dhcp-nyc-658.redrover.cornell.edu
2018-11-11 17:06:48,094 - DiskAvailable.Gigabytes:15.28683853149414|#Level:Host|#hostname:dhcp-nyc-658.redrover.cornell.edu
2018-11-11 17:06:48,094 - DiskUsage.Gigabytes:94.78302383422852|#Level:Host|#hostname:dhcp-nyc-658.redrover.cornell.edu
2018-11-11 17:06:48,094 - DiskUtilization.Percent:86.1|#Level:Host|#hostname:dhcp-nyc-658.redrover.cornell.edu
2018-11-11 17:06:48,094 - MemoryAvailable.Megabytes:6277.765625|#Level:Host|#hostname:dhcp-nyc-658.redrover.cornell.edu
2018-11-11 17:06:48,094 - MemoryUsed.Megabytes:8804.0390625|#Level:Host|#hostname:dhcp-nyc-658.redrover.cornell.edu
2018-11-11 17:06:48,094 - MemoryUtilization.Percent:61.7|#Level:Host|#hostname:dhcp-nyc-658.redrover.cornell.edu
2018-11-11 17:07:48,148 - CPUUtilization.Percent:0.0|#Level:Host|#hostname:dhcp-nyc-658.redrover.cornell.edu
2018-11-11 17:07:48,148 - DiskAvailable.Gigabytes:15.285675048828125|#Level:Host|#hostname:dhcp-nyc-658.redrover.cornell.edu
2018-11-11 17:07:48,148 - DiskUsage.Gigabytes:94.78418731689453|#Level:Host|#hostname:dhcp-nyc-658.redrover.cornell.edu
2018-11-11 17:07:48,148 - DiskUtilization.Percent:86.1|#Level:Host|#hostname:dhcp-nyc-658.redrover.cornell.edu
2018-11-11 17:07:48,149 - MemoryAvailable.Megabytes:6244.11328125|#Level:Host|#hostname:dhcp-nyc-658.redrover.cornell.edu
2018-11-11 17:07:48,149 - MemoryUsed.Megabytes:8815.1796875|#Level:Host|#hostname:dhcp-nyc-658.redrover.cornell.edu
2018-11-11 17:07:48,149 - MemoryUtilization.Percent:61.9|#Level:Host|#hostname:dhcp-nyc-658.redrover.cornell.edu
2018-11-11 17:08:11,301 - Requests2XX.Count:1|#Level:Host|#hostname:null
2018-11-11 17:08:48,046 - CPUUtilization.Percent:0.0|#Level:Host|#hostname:dhcp-nyc-658.redrover.cornell.edu
2018-11-11 17:08:48,046 - DiskAvailable.Gigabytes:15.285823822021484|#Level:Host|#hostname:dhcp-nyc-658.redrover.cornell.edu
2018-11-11 17:08:48,046 - DiskUsage.Gigabytes:94.78403854370117|#Level:Host|#hostname:dhcp-nyc-658.redrover.cornell.edu
2018-11-11 17:08:48,046 - DiskUtilization.Percent:86.1|#Level:Host|#hostname:dhcp-nyc-658.redrover.cornell.edu
2018-11-11 17:08:48,047 - MemoryAvailable.Megabytes:6258.12890625|#Level:Host|#hostname:dhcp-nyc-658.redrover.cornell.edu
2018-11-11 17:08:48,047 - MemoryUsed.Megabytes:8803.40234375|#Level:Host|#hostname:dhcp-nyc-658.redrover.cornell.edu
2018-11-11 17:08:48,047 - MemoryUtilization.Percent:61.8|#Level:Host|#hostname:dhcp-nyc-658.redrover.cornell.edu
2018-11-11 17:09:05,457 - Requests2XX.Count:1|#Level:Host|#hostname:null
2018-11-11 17:09:48,049 - CPUUtilization.Percent:0.0|#Level:Host|#hostname:dhcp-nyc-658.redrover.cornell.edu
2018-11-11 17:09:48,049 - DiskAvailable.Gigabytes:15.285579681396484|#Level:Host|#hostname:dhcp-nyc-658.redrover.cornell.edu
2018-11-11 17:09:48,049 - DiskUsage.Gigabytes:94.78428268432617|#Level:Host|#hostname:dhcp-nyc-658.redrover.cornell.edu
2018-11-11 17:09:48,049 - DiskUtilization.Percent:86.1|#Level:Host|#hostname:dhcp-nyc-658.redrover.cornell.edu
2018-11-11 17:09:48,049 - MemoryAvailable.Megabytes:6226.30078125|#Level:Host|#hostname:dhcp-nyc-658.redrover.cornell.edu
2018-11-11 17:09:48,049 - MemoryUsed.Megabytes:8835.00390625|#Level:Host|#hostname:dhcp-nyc-658.redrover.cornell.edu
2018-11-11 17:09:48,050 - MemoryUtilization.Percent:62.0|#Level:Host|#hostname:dhcp-nyc-658.redrover.cornell.edu
2018-11-11 17:10:48,142 - CPUUtilization.Percent:0.0|#Level:Host|#hostname:dhcp-nyc-658.redrover.cornell.edu
2018-11-11 17:10:48,142 - DiskAvailable.Gigabytes:15.284660339355469|#Level:Host|#hostname:dhcp-nyc-658.redrover.cornell.edu
2018-11-11 17:10:48,143 - DiskUsage.Gigabytes:94.78520202636719|#Level:Host|#hostname:dhcp-nyc-658.redrover.cornell.edu
2018-11-11 17:10:48,143 - DiskUtilization.Percent:86.1|#Level:Host|#hostname:dhcp-nyc-658.redrover.cornell.edu
2018-11-11 17:10:48,143 - MemoryAvailable.Megabytes:6417.109375|#Level:Host|#hostname:dhcp-nyc-658.redrover.cornell.edu
2018-11-11 17:10:48,143 - MemoryUsed.Megabytes:8594.640625|#Level:Host|#hostname:dhcp-nyc-658.redrover.cornell.edu
2018-11-11 17:10:48,143 - MemoryUtilization.Percent:60.8|#Level:Host|#hostname:dhcp-nyc-658.redrover.cornell.edu
2018-11-11 17:11:48,140 - CPUUtilization.Percent:100.0|#Level:Host|#hostname:dhcp-nyc-658.redrover.cornell.edu
2018-11-11 17:11:48,141 - DiskAvailable.Gigabytes:15.284309387207031|#Level:Host|#hostname:dhcp-nyc-658.redrover.cornell.edu
2018-11-11 17:11:48,141 - DiskUsage.Gigabytes:94.78555297851562|#Level:Host|#hostname:dhcp-nyc-658.redrover.cornell.edu
2018-11-11 17:11:48,141 - DiskUtilization.Percent:86.1|#Level:Host|#hostname:dhcp-nyc-658.redrover.cornell.edu
2018-11-11 17:11:48,141 - MemoryAvailable.Megabytes:6400.5390625|#Level:Host|#hostname:dhcp-nyc-658.redrover.cornell.edu
2018-11-11 17:11:48,142 - MemoryUsed.Megabytes:8590.16796875|#Level:Host|#hostname:dhcp-nyc-658.redrover.cornell.edu
2018-11-11 17:11:48,142 - MemoryUtilization.Percent:60.9|#Level:Host|#hostname:dhcp-nyc-658.redrover.cornell.edu
2018-11-11 17:12:48,052 - CPUUtilization.Percent:0.0|#Level:Host|#hostname:dhcp-nyc-658.redrover.cornell.edu
2018-11-11 17:12:48,053 - DiskAvailable.Gigabytes:15.284317016601562|#Level:Host|#hostname:dhcp-nyc-658.redrover.cornell.edu
2018-11-11 17:12:48,053 - DiskUsage.Gigabytes:94.7855453491211|#Level:Host|#hostname:dhcp-nyc-658.redrover.cornell.edu
2018-11-11 17:12:48,053 - DiskUtilization.Percent:86.1|#Level:Host|#hostname:dhcp-nyc-658.redrover.cornell.edu
2018-11-11 17:12:48,053 - MemoryAvailable.Megabytes:6330.58203125|#Level:Host|#hostname:dhcp-nyc-658.redrover.cornell.edu
2018-11-11 17:12:48,053 - MemoryUsed.Megabytes:8667.47265625|#Level:Host|#hostname:dhcp-nyc-658.redrover.cornell.edu
2018-11-11 17:12:48,053 - MemoryUtilization.Percent:61.4|#Level:Host|#hostname:dhcp-nyc-658.redrover.cornell.edu
2018-11-11 17:13:47,663 - Requests2XX.Count:1|#Level:Host|#hostname:null
2018-11-11 17:13:48,052 - CPUUtilization.Percent:0.0|#Level:Host|#hostname:dhcp-nyc-658.redrover.cornell.edu
2018-11-11 17:13:48,052 - DiskAvailable.Gigabytes:15.284313201904297|#Level:Host|#hostname:dhcp-nyc-658.redrover.cornell.edu
2018-11-11 17:13:48,052 - DiskUsage.Gigabytes:94.78554916381836|#Level:Host|#hostname:dhcp-nyc-658.redrover.cornell.edu
2018-11-11 17:13:48,052 - DiskUtilization.Percent:86.1|#Level:Host|#hostname:dhcp-nyc-658.redrover.cornell.edu
2018-11-11 17:13:48,053 - MemoryAvailable.Megabytes:6236.22265625|#Level:Host|#hostname:dhcp-nyc-658.redrover.cornell.edu
2018-11-11 17:13:48,053 - MemoryUsed.Megabytes:8762.3671875|#Level:Host|#hostname:dhcp-nyc-658.redrover.cornell.edu
2018-11-11 17:13:48,053 - MemoryUtilization.Percent:61.9|#Level:Host|#hostname:dhcp-nyc-658.redrover.cornell.edu
2018-11-11 17:14:15,428 - Requests2XX.Count:1|#Level:Host|#hostname:null
2018-11-11 17:14:40,501 - Requests2XX.Count:1|#Level:Host|#hostname:null
2018-11-11 17:14:48,067 - CPUUtilization.Percent:0.0|#Level:Host|#hostname:dhcp-nyc-658.redrover.cornell.edu
2018-11-11 17:14:48,067 - DiskAvailable.Gigabytes:15.282585144042969|#Level:Host|#hostname:dhcp-nyc-658.redrover.cornell.edu
2018-11-11 17:14:48,068 - DiskUsage.Gigabytes:94.78727722167969|#Level:Host|#hostname:dhcp-nyc-658.redrover.cornell.edu
2018-11-11 17:14:48,068 - DiskUtilization.Percent:86.1|#Level:Host|#hostname:dhcp-nyc-658.redrover.cornell.edu
2018-11-11 17:14:48,068 - MemoryAvailable.Megabytes:6224.99609375|#Level:Host|#hostname:dhcp-nyc-658.redrover.cornell.edu
2018-11-11 17:14:48,068 - MemoryUsed.Megabytes:8775.421875|#Level:Host|#hostname:dhcp-nyc-658.redrover.cornell.edu
2018-11-11 17:14:48,068 - MemoryUtilization.Percent:62.0|#Level:Host|#hostname:dhcp-nyc-658.redrover.cornell.edu
2018-11-11 17:14:59,734 - Requests2XX.Count:1|#Level:Host|#hostname:null
2018-11-11 17:15:48,057 - CPUUtilization.Percent:0.0|#Level:Host|#hostname:dhcp-nyc-658.redrover.cornell.edu
2018-11-11 17:15:48,057 - DiskAvailable.Gigabytes:15.282890319824219|#Level:Host|#hostname:dhcp-nyc-658.redrover.cornell.edu
2018-11-11 17:15:48,057 - DiskUsage.Gigabytes:94.78697204589844|#Level:Host|#hostname:dhcp-nyc-658.redrover.cornell.edu
2018-11-11 17:15:48,058 - DiskUtilization.Percent:86.1|#Level:Host|#hostname:dhcp-nyc-658.redrover.cornell.edu
2018-11-11 17:15:48,058 - MemoryAvailable.Megabytes:6253.421875|#Level:Host|#hostname:dhcp-nyc-658.redrover.cornell.edu
2018-11-11 17:15:48,058 - MemoryUsed.Megabytes:8747.94921875|#Level:Host|#hostname:dhcp-nyc-658.redrover.cornell.edu
2018-11-11 17:15:48,058 - MemoryUtilization.Percent:61.8|#Level:Host|#hostname:dhcp-nyc-658.redrover.cornell.edu
2018-11-11 17:16:48,059 - CPUUtilization.Percent:0.0|#Level:Host|#hostname:dhcp-nyc-658.redrover.cornell.edu
2018-11-11 17:16:48,059 - DiskAvailable.Gigabytes:15.282539367675781|#Level:Host|#hostname:dhcp-nyc-658.redrover.cornell.edu
2018-11-11 17:16:48,059 - DiskUsage.Gigabytes:94.78732299804688|#Level:Host|#hostname:dhcp-nyc-658.redrover.cornell.edu
2018-11-11 17:16:48,060 - DiskUtilization.Percent:86.1|#Level:Host|#hostname:dhcp-nyc-658.redrover.cornell.edu
2018-11-11 17:16:48,060 - MemoryAvailable.Megabytes:6468.78515625|#Level:Host|#hostname:dhcp-nyc-658.redrover.cornell.edu
2018-11-11 17:16:48,060 - MemoryUsed.Megabytes:8532.79296875|#Level:Host|#hostname:dhcp-nyc-658.redrover.cornell.edu
2018-11-11 17:16:48,060 - MemoryUtilization.Percent:60.5|#Level:Host|#hostname:dhcp-nyc-658.redrover.cornell.edu
2018-11-11 17:17:48,080 - CPUUtilization.Percent:100.0|#Level:Host|#hostname:dhcp-nyc-658.redrover.cornell.edu
2018-11-11 17:17:48,080 - DiskAvailable.Gigabytes:15.28287124633789|#Level:Host|#hostname:dhcp-nyc-658.redrover.cornell.edu
2018-11-11 17:17:48,080 - DiskUsage.Gigabytes:94.78699111938477|#Level:Host|#hostname:dhcp-nyc-658.redrover.cornell.edu
2018-11-11 17:17:48,080 - DiskUtilization.Percent:86.1|#Level:Host|#hostname:dhcp-nyc-658.redrover.cornell.edu
2018-11-11 17:17:48,080 - MemoryAvailable.Megabytes:6414.0078125|#Level:Host|#hostname:dhcp-nyc-658.redrover.cornell.edu
2018-11-11 17:17:48,080 - MemoryUsed.Megabytes:8588.66015625|#Level:Host|#hostname:dhcp-nyc-658.redrover.cornell.edu
2018-11-11 17:17:48,081 - MemoryUtilization.Percent:60.9|#Level:Host|#hostname:dhcp-nyc-658.redrover.cornell.edu
2018-11-11 17:18:48,059 - CPUUtilization.Percent:0.0|#Level:Host|#hostname:dhcp-nyc-658.redrover.cornell.edu
2018-11-11 17:18:48,059 - DiskAvailable.Gigabytes:15.28604507446289|#Level:Host|#hostname:dhcp-nyc-658.redrover.cornell.edu
2018-11-11 17:18:48,059 - DiskUsage.Gigabytes:94.78381729125977|#Level:Host|#hostname:dhcp-nyc-658.redrover.cornell.edu
2018-11-11 17:18:48,059 - DiskUtilization.Percent:86.1|#Level:Host|#hostname:dhcp-nyc-658.redrover.cornell.edu
2018-11-11 17:18:48,059 - MemoryAvailable.Megabytes:6286.921875|#Level:Host|#hostname:dhcp-nyc-658.redrover.cornell.edu
2018-11-11 17:18:48,059 - MemoryUsed.Megabytes:8717.375|#Level:Host|#hostname:dhcp-nyc-658.redrover.cornell.edu
2018-11-11 17:18:48,059 - MemoryUtilization.Percent:61.6|#Level:Host|#hostname:dhcp-nyc-658.redrover.cornell.edu
